<?xml version="1.0" encoding="UTF-8"?>
<testng-results ignored="0" total="1" passed="1" failed="0" skipped="0">
  <reporter-output>
  </reporter-output>
  <suite started-at="2024-05-15T20:58:38 IST" name="Suite" finished-at="2024-05-15T20:58:38 IST" duration-ms="191">
    <groups>
    </groups>
    <test started-at="2024-05-15T20:58:38 IST" name="Test" finished-at="2024-05-15T20:58:38 IST" duration-ms="191">
      <class name="Basicautomation.TestNG">
        <test-method is-config="true" signature="beforeclass()[pri:0, instance:Basicautomation.TestNG@1cf6d1be]" started-at="2024-05-15T20:58:38 IST" name="beforeclass" finished-at="2024-05-15T20:58:38 IST" duration-ms="27" status="PASS">
          <reporter-output>
          </reporter-output>
        </test-method> <!-- beforeclass -->
        <test-method signature="test()[pri:0, instance:Basicautomation.TestNG@1cf6d1be]" started-at="2024-05-15T20:58:38 IST" name="test" finished-at="2024-05-15T20:58:38 IST" duration-ms="24" status="PASS">
          <reporter-output>
          </reporter-output>
        </test-method> <!-- test -->
        <test-method is-config="true" signature="afterclass()[pri:0, instance:Basicautomation.TestNG@1cf6d1be]" started-at="2024-05-15T20:58:38 IST" name="afterclass" finished-at="2024-05-15T20:58:38 IST" duration-ms="9" status="PASS">
          <reporter-output>
          </reporter-output>
        </test-method> <!-- afterclass -->
      </class> <!-- Basicautomation.TestNG -->
    </test> <!-- Test -->
  </suite> <!-- Suite -->
</testng-results>
